2026-04-15 20:49:45.486  INFO 3684 --- [main] c.e.gaussdb.GaussdbTicketApplication     : Starting GaussdbTicketApplication using Java 1.8.0_152 on LAPTOP-MKTN29HQ with PID 3684 (D:\project\gaussdb-ticket-system\backend\target\classes started by wangzhijun in D:\project\gaussdb-ticket-system)
2026-04-15 20:49:45.486 DEBUG 3684 --- [main] c.e.gaussdb.GaussdbTicketApplication     : Running with Spring Boot v2.7.2, Spring v5.3.22
2026-04-15 20:49:45.486  INFO 3684 --- [main] c.e.gaussdb.GaussdbTicketApplication     : No active profile set, falling back to 1 default profile: "default"
2026-04-15 20:49:46.600  INFO 3684 --- [main] o.s.b.w.embedded.tomcat.TomcatWebServer  : Tomcat initialized with port(s): 8090 (http)
2026-04-15 20:49:46.605  INFO 3684 --- [main] o.apache.catalina.core.StandardService   : Starting service [Tomcat]
2026-04-15 20:49:46.605  INFO 3684 --- [main] org.apache.catalina.core.StandardEngine  : Starting Servlet engine: [Apache Tomcat/9.0.65]
2026-04-15 20:49:46.708  INFO 3684 --- [main] o.a.c.c.C.[Tomcat].[localhost].[/]       : Initializing Spring embedded WebApplicationContext
2026-04-15 20:49:46.708  INFO 3684 --- [main] w.s.c.ServletWebServerApplicationContext : Root WebApplicationContext: initialization completed in 1182 ms
2026-04-15 20:49:46.785  INFO 3684 --- [main] com.zaxxer.hikari.HikariDataSource       : HikariPool-1 - Starting...
2026-04-15 20:49:47.270  INFO 3684 --- [main] com.zaxxer.hikari.HikariDataSource       : HikariPool-1 - Start completed.
2026-04-15 20:49:47.547 DEBUG 3684 --- [main] o.s.jdbc.core.JdbcTemplate               : Executing SQL query [SELECT column_key FROM analysis_column_config ORDER BY id]
2026-04-15 20:49:47.552 DEBUG 3684 --- [main] o.s.jdbc.core.JdbcTemplate               : Executing SQL update [ALTER TABLE ticket_analysis_result ADD COLUMN IF NOT EXISTS product_category TEXT]
2026-04-15 20:49:47.557 DEBUG 3684 --- [main] o.s.jdbc.core.JdbcTemplate               : SQLWarning ignored: SQL state '42701', error code '0', message [关系 "ticket_analysis_result" 的列 "product_category" 已经存在，跳过]
2026-04-15 20:49:47.557 DEBUG 3684 --- [main] o.s.jdbc.core.JdbcTemplate               : Executing SQL update [ALTER TABLE ticket_analysis_result ADD COLUMN IF NOT EXISTS is_quality_issue TEXT]
2026-04-15 20:49:47.557 DEBUG 3684 --- [main] o.s.jdbc.core.JdbcTemplate               : SQLWarning ignored: SQL state '42701', error code '0', message [关系 "ticket_analysis_result" 的列 "is_quality_issue" 已经存在，跳过]
2026-04-15 20:49:47.557 DEBUG 3684 --- [main] o.s.jdbc.core.JdbcTemplate               : Executing SQL update [ALTER TABLE ticket_analysis_result ADD COLUMN IF NOT EXISTS level1_category TEXT]
2026-04-15 20:49:47.557 DEBUG 3684 --- [main] o.s.jdbc.core.JdbcTemplate               : SQLWarning ignored: SQL state '42701', error code '0', message [关系 "ticket_analysis_result" 的列 "level1_category" 已经存在，跳过]
2026-04-15 20:49:47.672  INFO 3684 --- [main] o.s.b.a.w.s.WelcomePageHandlerMapping    : Adding welcome page: class path resource [static/index.html]
2026-04-15 20:49:47.853  INFO 3684 --- [main] o.s.b.w.embedded.tomcat.TomcatWebServer  : Tomcat started on port(s): 8090 (http) with context path ''
2026-04-15 20:49:47.863  INFO 3684 --- [main] c.e.gaussdb.GaussdbTicketApplication     : Started GaussdbTicketApplication in 2.803 seconds (JVM running for 3.757)
